<?xml version="1.0" encoding="UTF-8"?>
<!-- Generated by org.testng.reporters.JUnitReportReporter -->
<testsuite hostname="LAPTOP-E1VLPID0" failures="0" tests="1" name="tests.TestSearch" time="3.330" errors="0" timestamp="2022-06-19T18:54:17 EET" skipped="0">
  <testcase classname="tests.TestSearch" name="SearchData" time="3.330"/>
  <system-out/>
</testsuite> <!-- tests.TestSearch -->
